<?xml version="1.0" encoding="UTF-8"?>
<!-- Generated by org.testng.reporters.JUnitReportReporter -->
<testsuite hostname="LAPTOP-3CF81NRV" failures="0" tests="4" name="locators.cssSelectorDemos" time="8.218" errors="0" timestamp="01 Jun 2021 10:28:59 GMT" skipped="0">
  <testcase classname="locators.cssSelectorDemos" name="SelectDirectChildBasedOnIndex" time="2.044"/>
  <testcase classname="locators.cssSelectorDemos" name="ImmediateElement" time="2.074"/>
  <testcase classname="locators.cssSelectorDemos" name="SelectDirectChildOrGrandChild" time="2.047"/>
  <testcase classname="locators.cssSelectorDemos" name="SelectLastChild" time="2.053"/>
</testsuite> <!-- locators.cssSelectorDemos -->
